{"C:\\Users\\Usuario\\Proyectos\\devoped-app\\src\\App.jsx": {"path":"C:\\Users\\Usuario\\Proyectos\\devoped-app\\src\\App.jsx","all":true,"statementMap":{"0":{"start":{"line":1,"column":0},"end":{"line":1,"column":19}},"1":{"start":{"line":2,"column":0},"end":{"line":2,"column":40}},"2":{"start":{"line":3,"column":0},"end":{"line":3,"column":42}},"4":{"start":{"line":5,"column":0},"end":{"line":5,"column":19}},"6":{"start":{"line":7,"column":0},"end":{"line":7,"column":37}},"9":{"start":{"line":10,"column":0},"end":{"line":10,"column":49}},"10":{"start":{"line":11,"column":0},"end":{"line":11,"column":53}},"11":{"start":{"line":12,"column":0},"end":{"line":12,"column":51}},"12":{"start":{"line":13,"column":0},"end":{"line":13,"column":43}},"14":{"start":{"line":15,"column":0},"end":{"line":15,"column":32}},"15":{"start":{"line":16,"column":0},"end":{"line":16,"column":26}},"16":{"start":{"line":17,"column":0},"end":{"line":17,"column":68}},"17":{"start":{"line":18,"column":0},"end":{"line":18,"column":22}},"19":{"start":{"line":20,"column":0},"end":{"line":20,"column":44}},"21":{"start":{"line":22,"column":0},"end":{"line":22,"column":51}},"22":{"start":{"line":23,"column":0},"end":{"line":23,"column":49}},"23":{"start":{"line":24,"column":0},"end":{"line":24,"column":47}},"25":{"start":{"line":26,"column":0},"end":{"line":26,"column":29}},"26":{"start":{"line":27,"column":0},"end":{"line":27,"column":31}},"27":{"start":{"line":28,"column":0},"end":{"line":28,"column":4}},"29":{"start":{"line":30,"column":0},"end":{"line":30,"column":10}},"30":{"start":{"line":31,"column":0},"end":{"line":31,"column":106}},"31":{"start":{"line":32,"column":0},"end":{"line":32,"column":44}},"33":{"start":{"line":34,"column":0},"end":{"line":34,"column":12}},"34":{"start":{"line":35,"column":0},"end":{"line":35,"column":117}},"35":{"start":{"line":36,"column":0},"end":{"line":36,"column":23}},"36":{"start":{"line":37,"column":0},"end":{"line":37,"column":62}},"37":{"start":{"line":38,"column":0},"end":{"line":38,"column":10}},"38":{"start":{"line":39,"column":0},"end":{"line":39,"column":77}},"39":{"start":{"line":40,"column":0},"end":{"line":40,"column":15}},"41":{"start":{"line":42,"column":0},"end":{"line":42,"column":78}},"42":{"start":{"line":43,"column":0},"end":{"line":43,"column":66}},"44":{"start":{"line":45,"column":0},"end":{"line":45,"column":13}},"45":{"start":{"line":46,"column":0},"end":{"line":46,"column":50}},"46":{"start":{"line":47,"column":0},"end":{"line":47,"column":36}},"47":{"start":{"line":48,"column":0},"end":{"line":48,"column":19}},"48":{"start":{"line":49,"column":0},"end":{"line":49,"column":26}},"49":{"start":{"line":50,"column":0},"end":{"line":50,"column":46}},"50":{"start":{"line":51,"column":0},"end":{"line":51,"column":105}},"52":{"start":{"line":53,"column":0},"end":{"line":53,"column":64}},"53":{"start":{"line":54,"column":0},"end":{"line":54,"column":21}},"54":{"start":{"line":55,"column":0},"end":{"line":55,"column":13}},"55":{"start":{"line":56,"column":0},"end":{"line":56,"column":14}},"57":{"start":{"line":58,"column":0},"end":{"line":58,"column":24}},"58":{"start":{"line":59,"column":0},"end":{"line":59,"column":39}},"59":{"start":{"line":60,"column":0},"end":{"line":60,"column":35}},"60":{"start":{"line":61,"column":0},"end":{"line":61,"column":79}},"61":{"start":{"line":62,"column":0},"end":{"line":62,"column":62}},"62":{"start":{"line":63,"column":0},"end":{"line":63,"column":16}},"63":{"start":{"line":64,"column":0},"end":{"line":64,"column":79}},"64":{"start":{"line":65,"column":0},"end":{"line":65,"column":16}},"67":{"start":{"line":68,"column":0},"end":{"line":68,"column":21}},"68":{"start":{"line":69,"column":0},"end":{"line":69,"column":13}},"69":{"start":{"line":70,"column":0},"end":{"line":70,"column":10}},"71":{"start":{"line":72,"column":0},"end":{"line":72,"column":2}},"73":{"start":{"line":74,"column":0},"end":{"line":74,"column":19}}},"s":{"0":0,"1":0,"2":0,"4":0,"6":0,"9":0,"10":0,"11":0,"12":0,"14":0,"15":0,"16":0,"17":0,"19":0,"21":0,"22":0,"23":0,"25":0,"26":0,"27":0,"29":0,"30":0,"31":0,"33":0,"34":0,"35":0,"36":0,"37":0,"38":0,"39":0,"41":0,"42":0,"44":0,"45":0,"46":0,"47":0,"48":0,"49":0,"50":0,"52":0,"53":0,"54":0,"55":0,"57":0,"58":0,"59":0,"60":0,"61":0,"62":0,"63":0,"64":0,"67":0,"68":0,"69":0,"71":0,"73":0},"branchMap":{"0":{"type":"branch","line":1,"loc":{"start":{"line":1,"column":2561},"end":{"line":74,"column":19}},"locations":[{"start":{"line":1,"column":2561},"end":{"line":74,"column":19}}]}},"b":{"0":[0]},"fnMap":{"0":{"name":"(empty-report)","decl":{"start":{"line":1,"column":2561},"end":{"line":74,"column":19}},"loc":{"start":{"line":1,"column":2561},"end":{"line":74,"column":19}},"line":1}},"f":{"0":0}}
,"C:\\Users\\Usuario\\Proyectos\\devoped-app\\src\\Calculator.jsx": {"path":"C:\\Users\\Usuario\\Proyectos\\devoped-app\\src\\Calculator.jsx","all":false,"statementMap":{"0":{"start":{"line":1,"column":0},"end":{"line":1,"column":33}},"1":{"start":{"line":2,"column":0},"end":{"line":2,"column":34}},"3":{"start":{"line":4,"column":0},"end":{"line":4,"column":54}},"5":{"start":{"line":6,"column":0},"end":{"line":6,"column":52}},"7":{"start":{"line":8,"column":0},"end":{"line":8,"column":47}},"9":{"start":{"line":10,"column":0},"end":{"line":10,"column":29}},"11":{"start":{"line":12,"column":0},"end":{"line":12,"column":33}},"12":{"start":{"line":13,"column":0},"end":{"line":13,"column":41}},"14":{"start":{"line":15,"column":0},"end":{"line":15,"column":37}},"15":{"start":{"line":16,"column":0},"end":{"line":16,"column":31}},"16":{"start":{"line":17,"column":0},"end":{"line":17,"column":4}},"18":{"start":{"line":19,"column":0},"end":{"line":19,"column":10}},"19":{"start":{"line":20,"column":0},"end":{"line":20,"column":13}},"20":{"start":{"line":21,"column":0},"end":{"line":21,"column":25}},"21":{"start":{"line":22,"column":0},"end":{"line":22,"column":38}},"22":{"start":{"line":23,"column":0},"end":{"line":23,"column":23}},"23":{"start":{"line":24,"column":0},"end":{"line":24,"column":33}},"24":{"start":{"line":25,"column":0},"end":{"line":25,"column":36}},"25":{"start":{"line":26,"column":0},"end":{"line":26,"column":34}},"26":{"start":{"line":27,"column":0},"end":{"line":27,"column":65}},"27":{"start":{"line":28,"column":0},"end":{"line":28,"column":24}},"28":{"start":{"line":29,"column":0},"end":{"line":29,"column":23}},"29":{"start":{"line":30,"column":0},"end":{"line":30,"column":15}},"30":{"start":{"line":31,"column":0},"end":{"line":31,"column":16}},"31":{"start":{"line":32,"column":0},"end":{"line":32,"column":11}},"32":{"start":{"line":33,"column":0},"end":{"line":33,"column":40}},"33":{"start":{"line":34,"column":0},"end":{"line":34,"column":67}},"34":{"start":{"line":35,"column":0},"end":{"line":35,"column":23}},"35":{"start":{"line":36,"column":0},"end":{"line":36,"column":19}},"36":{"start":{"line":37,"column":0},"end":{"line":37,"column":11}},"37":{"start":{"line":38,"column":0},"end":{"line":38,"column":78}},"38":{"start":{"line":39,"column":0},"end":{"line":39,"column":12}},"39":{"start":{"line":40,"column":0},"end":{"line":40,"column":14}},"41":{"start":{"line":42,"column":0},"end":{"line":42,"column":2}}},"s":{"0":1,"1":1,"3":1,"5":1,"7":1,"9":1,"11":1,"12":20,"14":20,"15":10,"16":10,"18":20,"19":20,"20":20,"21":20,"22":20,"23":20,"24":80,"25":80,"26":200,"27":200,"28":200,"29":80,"30":80,"31":20,"32":20,"33":80,"34":80,"35":80,"36":20,"37":20,"38":20,"39":20,"41":20},"branchMap":{"0":{"type":"branch","line":12,"loc":{"start":{"line":12,"column":26},"end":{"line":42,"column":2}},"locations":[{"start":{"line":12,"column":26},"end":{"line":42,"column":2}}]},"1":{"type":"branch","line":15,"loc":{"start":{"line":15,"column":22},"end":{"line":17,"column":4}},"locations":[{"start":{"line":15,"column":22},"end":{"line":17,"column":4}}]},"2":{"type":"branch","line":15,"loc":{"start":{"line":15,"column":30},"end":{"line":17,"column":4}},"locations":[{"start":{"line":15,"column":30},"end":{"line":17,"column":4}}]},"3":{"type":"branch","line":24,"loc":{"start":{"line":24,"column":18},"end":{"line":31,"column":16}},"locations":[{"start":{"line":24,"column":18},"end":{"line":31,"column":16}}]},"4":{"type":"branch","line":26,"loc":{"start":{"line":26,"column":21},"end":{"line":29,"column":23}},"locations":[{"start":{"line":26,"column":21},"end":{"line":29,"column":23}}]},"5":{"type":"branch","line":33,"loc":{"start":{"line":33,"column":24},"end":{"line":36,"column":19}},"locations":[{"start":{"line":33,"column":24},"end":{"line":36,"column":19}}]},"6":{"type":"branch","line":38,"loc":{"start":{"line":38,"column":25},"end":{"line":38,"column":59}},"locations":[{"start":{"line":38,"column":25},"end":{"line":38,"column":59}}]}},"b":{"0":[20],"1":[280],"2":[10],"3":[80],"4":[200],"5":[80],"6":[1]},"fnMap":{"0":{"name":"Calculator","decl":{"start":{"line":12,"column":26},"end":{"line":42,"column":2}},"loc":{"start":{"line":12,"column":26},"end":{"line":42,"column":2}},"line":12},"1":{"name":"handleClick","decl":{"start":{"line":15,"column":22},"end":{"line":17,"column":4}},"loc":{"start":{"line":15,"column":22},"end":{"line":17,"column":4}},"line":15},"2":{"name":"onClick","decl":{"start":{"line":38,"column":25},"end":{"line":38,"column":59}},"loc":{"start":{"line":38,"column":25},"end":{"line":38,"column":59}},"line":38}},"f":{"0":20,"1":280,"2":1}}
,"C:\\Users\\Usuario\\Proyectos\\devoped-app\\src\\canReconfigure.js": {"path":"C:\\Users\\Usuario\\Proyectos\\devoped-app\\src\\canReconfigure.js","all":false,"statementMap":{"0":{"start":{"line":1,"column":0},"end":{"line":1,"column":45}},"1":{"start":{"line":2,"column":0},"end":{"line":2,"column":73}},"2":{"start":{"line":3,"column":0},"end":{"line":3,"column":69}},"3":{"start":{"line":4,"column":0},"end":{"line":4,"column":0}},"4":{"start":{"line":5,"column":0},"end":{"line":5,"column":49}},"5":{"start":{"line":6,"column":0},"end":{"line":6,"column":34}},"6":{"start":{"line":7,"column":0},"end":{"line":7,"column":0}},"7":{"start":{"line":8,"column":0},"end":{"line":8,"column":71}},"8":{"start":{"line":9,"column":0},"end":{"line":9,"column":42}},"9":{"start":{"line":10,"column":0},"end":{"line":10,"column":0}},"10":{"start":{"line":11,"column":0},"end":{"line":11,"column":29}},"11":{"start":{"line":12,"column":0},"end":{"line":12,"column":0}},"12":{"start":{"line":13,"column":0},"end":{"line":13,"column":41}},"13":{"start":{"line":14,"column":0},"end":{"line":14,"column":31}},"14":{"start":{"line":15,"column":0},"end":{"line":15,"column":27}},"15":{"start":{"line":16,"column":0},"end":{"line":16,"column":0}},"16":{"start":{"line":17,"column":0},"end":{"line":17,"column":53}},"17":{"start":{"line":18,"column":0},"end":{"line":18,"column":0}},"18":{"start":{"line":19,"column":0},"end":{"line":19,"column":64}},"19":{"start":{"line":20,"column":0},"end":{"line":20,"column":0}},"20":{"start":{"line":21,"column":0},"end":{"line":21,"column":43}},"21":{"start":{"line":22,"column":0},"end":{"line":22,"column":3}},"22":{"start":{"line":23,"column":0},"end":{"line":23,"column":0}},"23":{"start":{"line":24,"column":0},"end":{"line":24,"column":14}},"24":{"start":{"line":25,"column":0},"end":{"line":25,"column":2}}},"s":{"0":1,"1":6,"2":6,"3":4,"4":4,"5":6,"6":2,"7":2,"8":6,"9":1,"10":1,"11":1,"12":6,"13":4,"14":4,"15":4,"16":4,"17":4,"18":4,"19":3,"20":3,"21":3,"22":0,"23":0,"24":0},"branchMap":{"0":{"type":"branch","line":1,"loc":{"start":{"line":1,"column":30},"end":{"line":25,"column":2}},"locations":[{"start":{"line":1,"column":30},"end":{"line":25,"column":2}}]},"1":{"type":"branch","line":2,"loc":{"start":{"line":2,"column":32},"end":{"line":2,"column":73}},"locations":[{"start":{"line":2,"column":32},"end":{"line":2,"column":73}}]},"2":{"type":"branch","line":3,"loc":{"start":{"line":3,"column":-2},"end":{"line":3,"column":30}},"locations":[{"start":{"line":3,"column":-2},"end":{"line":3,"column":30}}]},"3":{"type":"branch","line":3,"loc":{"start":{"line":3,"column":30},"end":{"line":3,"column":69}},"locations":[{"start":{"line":3,"column":30},"end":{"line":3,"column":69}}]},"4":{"type":"branch","line":4,"loc":{"start":{"line":4,"column":-2},"end":{"line":6,"column":21}},"locations":[{"start":{"line":4,"column":-2},"end":{"line":6,"column":21}}]},"5":{"type":"branch","line":6,"loc":{"start":{"line":6,"column":21},"end":{"line":9,"column":29}},"locations":[{"start":{"line":6,"column":21},"end":{"line":9,"column":29}}]},"6":{"type":"branch","line":9,"loc":{"start":{"line":9,"column":29},"end":{"line":13,"column":40}},"locations":[{"start":{"line":9,"column":29},"end":{"line":13,"column":40}}]},"7":{"type":"branch","line":13,"loc":{"start":{"line":13,"column":40},"end":{"line":22,"column":3}},"locations":[{"start":{"line":13,"column":40},"end":{"line":22,"column":3}}]},"8":{"type":"branch","line":19,"loc":{"start":{"line":19,"column":21},"end":{"line":19,"column":49}},"locations":[{"start":{"line":19,"column":21},"end":{"line":19,"column":49}}]},"9":{"type":"branch","line":19,"loc":{"start":{"line":19,"column":51},"end":{"line":19,"column":64}},"locations":[{"start":{"line":19,"column":51},"end":{"line":19,"column":64}}]},"10":{"type":"branch","line":20,"loc":{"start":{"line":20,"column":-2},"end":{"line":22,"column":3}},"locations":[{"start":{"line":20,"column":-2},"end":{"line":22,"column":3}}]},"11":{"type":"branch","line":22,"loc":{"start":{"line":22,"column":2},"end":{"line":25,"column":2}},"locations":[{"start":{"line":22,"column":2},"end":{"line":25,"column":2}}]}},"b":{"0":[6],"1":[1],"2":[5],"3":[1],"4":[4],"5":[2],"6":[1],"7":[4],"8":[1],"9":[1],"10":[3],"11":[0]},"fnMap":{"0":{"name":"canReconfigure","decl":{"start":{"line":1,"column":30},"end":{"line":25,"column":2}},"loc":{"start":{"line":1,"column":30},"end":{"line":25,"column":2}},"line":1}},"f":{"0":6}}
,"C:\\Users\\Usuario\\Proyectos\\devoped-app\\src\\fizzbuzz.js": {"path":"C:\\Users\\Usuario\\Proyectos\\devoped-app\\src\\fizzbuzz.js","all":false,"statementMap":{"0":{"start":{"line":1,"column":0},"end":{"line":1,"column":37}},"1":{"start":{"line":2,"column":0},"end":{"line":2,"column":54}},"2":{"start":{"line":3,"column":0},"end":{"line":3,"column":27}},"3":{"start":{"line":4,"column":0},"end":{"line":4,"column":59}},"4":{"start":{"line":5,"column":0},"end":{"line":5,"column":0}},"5":{"start":{"line":6,"column":0},"end":{"line":6,"column":46}},"6":{"start":{"line":7,"column":0},"end":{"line":7,"column":18}},"7":{"start":{"line":8,"column":0},"end":{"line":8,"column":0}},"8":{"start":{"line":9,"column":0},"end":{"line":9,"column":62}},"9":{"start":{"line":10,"column":0},"end":{"line":10,"column":50}},"10":{"start":{"line":11,"column":0},"end":{"line":11,"column":5}},"11":{"start":{"line":12,"column":0},"end":{"line":12,"column":0}},"12":{"start":{"line":13,"column":0},"end":{"line":13,"column":41}},"13":{"start":{"line":14,"column":0},"end":{"line":14,"column":2}}},"s":{"0":1,"1":10,"2":10,"3":10,"4":9,"5":9,"6":9,"7":9,"8":9,"9":18,"10":9,"11":9,"12":10,"13":10},"branchMap":{"0":{"type":"branch","line":1,"loc":{"start":{"line":1,"column":24},"end":{"line":14,"column":2}},"locations":[{"start":{"line":1,"column":24},"end":{"line":14,"column":2}}]},"1":{"type":"branch","line":2,"loc":{"start":{"line":2,"column":34},"end":{"line":2,"column":54}},"locations":[{"start":{"line":2,"column":34},"end":{"line":2,"column":54}}]},"2":{"type":"branch","line":4,"loc":{"start":{"line":4,"column":4},"end":{"line":4,"column":59}},"locations":[{"start":{"line":4,"column":4},"end":{"line":4,"column":59}}]},"3":{"type":"branch","line":5,"loc":{"start":{"line":5,"column":-2},"end":{"line":13,"column":23}},"locations":[{"start":{"line":5,"column":-2},"end":{"line":13,"column":23}}]},"4":{"type":"branch","line":13,"loc":{"start":{"line":13,"column":23},"end":{"line":13,"column":31}},"locations":[{"start":{"line":13,"column":23},"end":{"line":13,"column":31}}]},"5":{"type":"branch","line":13,"loc":{"start":{"line":13,"column":32},"end":{"line":13,"column":40}},"locations":[{"start":{"line":13,"column":32},"end":{"line":13,"column":40}}]},"6":{"type":"branch","line":9,"loc":{"start":{"line":9,"column":37},"end":{"line":11,"column":3}},"locations":[{"start":{"line":9,"column":37},"end":{"line":11,"column":3}}]},"7":{"type":"branch","line":10,"loc":{"start":{"line":10,"column":35},"end":{"line":10,"column":50}},"locations":[{"start":{"line":10,"column":35},"end":{"line":10,"column":50}}]}},"b":{"0":[10],"1":[0],"2":[1],"3":[9],"4":[2],"5":[7],"6":[18],"7":[8]},"fnMap":{"0":{"name":"fizzbuzz","decl":{"start":{"line":1,"column":24},"end":{"line":14,"column":2}},"loc":{"start":{"line":1,"column":24},"end":{"line":14,"column":2}},"line":1}},"f":{"0":10}}
,"C:\\Users\\Usuario\\Proyectos\\devoped-app\\src\\main.jsx": {"path":"C:\\Users\\Usuario\\Proyectos\\devoped-app\\src\\main.jsx","all":true,"statementMap":{"0":{"start":{"line":1,"column":0},"end":{"line":1,"column":34}},"1":{"start":{"line":2,"column":0},"end":{"line":2,"column":45}},"2":{"start":{"line":3,"column":0},"end":{"line":3,"column":20}},"3":{"start":{"line":4,"column":0},"end":{"line":4,"column":27}},"5":{"start":{"line":6,"column":0},"end":{"line":6,"column":51}},"6":{"start":{"line":7,"column":0},"end":{"line":7,"column":14}},"7":{"start":{"line":8,"column":0},"end":{"line":8,"column":11}},"8":{"start":{"line":9,"column":0},"end":{"line":9,"column":16}},"9":{"start":{"line":10,"column":0},"end":{"line":10,"column":1}}},"s":{"0":0,"1":0,"2":0,"3":0,"5":0,"6":0,"7":0,"8":0,"9":0},"branchMap":{"0":{"type":"branch","line":1,"loc":{"start":{"line":1,"column":209},"end":{"line":10,"column":-155}},"locations":[{"start":{"line":1,"column":209},"end":{"line":10,"column":-155}}]}},"b":{"0":[0]},"fnMap":{"0":{"name":"(empty-report)","decl":{"start":{"line":1,"column":209},"end":{"line":10,"column":-155}},"loc":{"start":{"line":1,"column":209},"end":{"line":10,"column":-155}},"line":1}},"f":{"0":0}}
}
