TN:
SF:src\App.jsx
FN:1,(empty-report)
FNF:1
FNH:0
FNDA:0,(empty-report)
DA:1,0
DA:2,0
DA:3,0
DA:5,0
DA:7,0
DA:10,0
DA:11,0
DA:12,0
DA:13,0
DA:15,0
DA:16,0
DA:17,0
DA:18,0
DA:20,0
DA:22,0
DA:23,0
DA:24,0
DA:26,0
DA:27,0
DA:28,0
DA:30,0
DA:31,0
DA:32,0
DA:34,0
DA:35,0
DA:36,0
DA:37,0
DA:38,0
DA:39,0
DA:40,0
DA:42,0
DA:43,0
DA:45,0
DA:46,0
DA:47,0
DA:48,0
DA:49,0
DA:50,0
DA:51,0
DA:53,0
DA:54,0
DA:55,0
DA:56,0
DA:58,0
DA:59,0
DA:60,0
DA:61,0
DA:62,0
DA:63,0
DA:64,0
DA:65,0
DA:68,0
DA:69,0
DA:70,0
DA:72,0
DA:74,0
LF:56
LH:0
BRDA:1,0,0,0
BRF:1
BRH:0
end_of_record
TN:
SF:src\Calculator.jsx
FN:12,Calculator
FN:15,handleClick
FN:38,onClick
FNF:3
FNH:3
FNDA:19,Calculator
FNDA:266,handleClick
FNDA:1,onClick
DA:1,1
DA:2,1
DA:4,1
DA:6,1
DA:8,1
DA:10,1
DA:12,1
DA:13,19
DA:15,19
DA:16,10
DA:17,10
DA:19,19
DA:20,19
DA:21,19
DA:22,19
DA:23,19
DA:24,19
DA:25,76
DA:26,76
DA:27,190
DA:28,190
DA:29,190
DA:30,76
DA:31,76
DA:32,19
DA:33,19
DA:34,76
DA:35,76
DA:36,76
DA:37,19
DA:38,19
DA:39,19
DA:40,19
DA:42,19
LF:34
LH:34
BRDA:12,0,0,19
BRDA:15,1,0,266
BRDA:15,2,0,10
BRDA:24,3,0,76
BRDA:26,4,0,190
BRDA:33,5,0,76
BRDA:38,6,0,1
BRF:7
BRH:7
end_of_record
TN:
SF:src\canReconfigure.js
FN:1,canReconfigure
FNF:1
FNH:1
FNDA:6,canReconfigure
DA:1,1
DA:2,6
DA:3,6
DA:4,4
DA:5,4
DA:6,6
DA:7,2
DA:8,2
DA:9,6
DA:10,1
DA:11,1
DA:12,1
DA:13,6
DA:14,4
DA:15,4
DA:16,4
DA:17,4
DA:18,4
DA:19,4
DA:20,3
DA:21,3
DA:22,3
DA:23,0
DA:24,0
DA:25,0
LF:25
LH:22
BRDA:1,0,0,6
BRDA:2,1,0,1
BRDA:3,2,0,5
BRDA:3,3,0,1
BRDA:4,4,0,4
BRDA:6,5,0,2
BRDA:9,6,0,1
BRDA:13,7,0,4
BRDA:19,8,0,1
BRDA:19,9,0,1
BRDA:20,10,0,3
BRDA:22,11,0,0
BRF:12
BRH:11
end_of_record
TN:
SF:src\fizzbuzz.js
FN:1,fizzbuzz
FNF:1
FNH:1
FNDA:10,fizzbuzz
DA:1,1
DA:2,10
DA:3,10
DA:4,10
DA:5,9
DA:6,9
DA:7,9
DA:8,9
DA:9,9
DA:10,18
DA:11,9
DA:12,9
DA:13,10
DA:14,10
LF:14
LH:14
BRDA:1,0,0,10
BRDA:2,1,0,0
BRDA:4,2,0,1
BRDA:5,3,0,9
BRDA:13,4,0,2
BRDA:13,5,0,7
BRDA:9,6,0,18
BRDA:10,7,0,8
BRF:8
BRH:7
end_of_record
TN:
SF:src\main.jsx
FN:1,(empty-report)
FNF:1
FNH:0
FNDA:0,(empty-report)
DA:1,0
DA:2,0
DA:3,0
DA:4,0
DA:6,0
DA:7,0
DA:8,0
DA:9,0
DA:10,0
LF:9
LH:0
BRDA:1,0,0,0
BRF:1
BRH:0
end_of_record
